TN:
SF:app.js
FNF:0
FNH:0
DA:1,1
DA:2,1
DA:3,1
DA:4,1
DA:5,1
DA:6,1
DA:7,1
DA:8,1
DA:9,1
DA:10,1
DA:11,1
DA:12,1
DA:13,1
DA:14,1
DA:15,1
DA:16,1
DA:17,1
DA:18,1
DA:19,1
DA:20,1
DA:21,1
DA:22,1
DA:23,1
DA:24,0
DA:25,0
DA:26,0
DA:27,0
DA:28,1
DA:29,1
LF:29
LH:25
BRDA:23,0,0,0
BRDA:11,1,0,1
BRF:2
BRH:1
end_of_record
TN:
SF:index.js
FN:5,calcularDeducaoDependentes
FN:10,calcularSalarioBase
FN:17,calcularSalarioLiquido
FNF:3
FNH:3
FNDA:1,calcularDeducaoDependentes
FNDA:1,calcularSalarioBase
FNDA:2,calcularSalarioLiquido
DA:1,1
DA:2,1
DA:3,1
DA:4,1
DA:5,1
DA:6,1
DA:7,1
DA:8,1
DA:9,1
DA:10,1
DA:11,1
DA:12,1
DA:13,1
DA:14,1
DA:15,1
DA:16,1
DA:17,1
DA:18,2
DA:19,2
DA:20,2
DA:21,2
DA:22,2
DA:23,2
DA:24,2
DA:25,2
DA:26,2
DA:27,2
DA:28,1
LF:28
LH:28
BRDA:5,0,0,1
BRDA:10,1,0,1
BRDA:17,2,0,2
BRF:3
BRH:3
end_of_record
TN:
SF:inss.js
FN:2,obterFaixas
FN:16,calcularDescontoFaixa
FN:23,calcularDescontoResidual
FN:30,calcularDescontoProgressivo
FNF:4
FNH:4
FNDA:6,obterFaixas
FNDA:6,calcularDescontoFaixa
FNDA:4,calcularDescontoResidual
FNDA:4,calcularDescontoProgressivo
DA:1,1
DA:2,1
DA:3,6
DA:4,6
DA:5,6
DA:6,6
DA:7,6
DA:8,6
DA:9,6
DA:10,6
DA:11,6
DA:12,6
DA:13,6
DA:14,1
DA:15,1
DA:16,1
DA:17,6
DA:18,6
DA:19,6
DA:20,6
DA:21,1
DA:22,1
DA:23,1
DA:24,4
DA:25,4
DA:26,4
DA:27,1
DA:28,1
DA:29,1
DA:30,1
DA:31,4
DA:32,4
DA:33,4
DA:34,4
DA:35,4
DA:36,4
DA:37,0
DA:38,0
DA:39,4
DA:40,4
DA:41,9
DA:42,9
DA:43,9
DA:44,5
DA:45,5
DA:46,5
DA:47,4
DA:48,4
DA:49,4
DA:50,4
DA:51,4
DA:52,4
DA:53,9
DA:54,3
DA:55,3
DA:56,3
DA:57,3
DA:58,3
DA:59,3
DA:60,1
LF:60
LH:58
BRDA:2,0,0,6
BRDA:16,1,0,6
BRDA:23,2,0,4
BRDA:30,3,0,4
BRDA:36,4,0,0
BRDA:40,5,0,9
BRDA:43,6,0,5
BRDA:47,7,0,4
BRDA:48,8,0,1
BRDA:48,9,0,3
BRDA:53,10,0,3
BRDA:55,11,0,8
BRF:12
BRH:11
end_of_record
TN:
SF:irrf.js
FN:2,obterFaixas
FN:16,faixaContemplaValor
FN:22,calcularDescontoFaixa
FN:37,calculardesconto
FNF:4
FNH:4
FNDA:4,obterFaixas
FNDA:6,faixaContemplaValor
FNDA:2,calcularDescontoFaixa
FNDA:2,calculardesconto
DA:1,1
DA:2,1
DA:3,4
DA:4,4
DA:5,4
DA:6,4
DA:7,4
DA:8,4
DA:9,4
DA:10,4
DA:11,4
DA:12,4
DA:13,4
DA:14,1
DA:15,1
DA:16,1
DA:17,6
DA:18,6
DA:19,6
DA:20,1
DA:21,1
DA:22,1
DA:23,2
DA:24,0
DA:25,0
DA:26,2
DA:27,2
DA:28,2
DA:29,2
DA:30,2
DA:31,2
DA:32,2
DA:33,2
DA:34,2
DA:35,1
DA:36,1
DA:37,1
DA:38,2
DA:39,2
DA:40,2
DA:41,5
DA:42,5
DA:43,5
DA:44,2
DA:45,2
DA:46,2
DA:47,5
DA:48,0
DA:49,0
DA:50,0
DA:51,0
DA:52,0
DA:53,1
LF:53
LH:46
BRDA:2,0,0,4
BRDA:16,1,0,6
BRDA:22,2,0,2
BRDA:23,3,0,0
BRDA:37,4,0,2
BRDA:40,5,0,5
BRDA:43,6,0,2
BRDA:47,7,0,0
BRF:8
BRH:6
end_of_record
